localhost 0:0:0:0:0:0:0:1 - - [2017-05-04 17:01:32] "GET / HTTP/1.1" 404 562 "-" "Mozilla/5.0 (Windows NT 10.0; WOW64) AppleWebKit/537.36 (KHTML, like Gecko) Chrome/58.0.3029.81 Safari/537.36" -
localhost 0:0:0:0:0:0:0:1 - - [2017-05-04 17:01:32] "GET /favicon.ico HTTP/1.1" 200 1150 "http://localhost:8081/" "Mozilla/5.0 (Windows NT 10.0; WOW64) AppleWebKit/537.36 (KHTML, like Gecko) Chrome/58.0.3029.81 Safari/537.36" -
localhost 0:0:0:0:0:0:0:1 - - [2017-05-04 17:01:33] "GET /smartX HTTP/1.1" 302 - "http://localhost:8081/" "Mozilla/5.0 (Windows NT 10.0; WOW64) AppleWebKit/537.36 (KHTML, like Gecko) Chrome/58.0.3029.81 Safari/537.36" -
localhost 0:0:0:0:0:0:0:1 - - [2017-05-04 17:01:33] "GET /smartX/ HTTP/1.1" 404 291 "http://localhost:8081/" "Mozilla/5.0 (Windows NT 10.0; WOW64) AppleWebKit/537.36 (KHTML, like Gecko) Chrome/58.0.3029.81 Safari/537.36" -
localhost 0:0:0:0:0:0:0:1 - - [2017-05-04 17:01:46] "GET /smartX/index/post HTTP/1.1" 404 301 "-" "Mozilla/5.0 (Windows NT 10.0; WOW64) AppleWebKit/537.36 (KHTML, like Gecko) Chrome/58.0.3029.81 Safari/537.36" -
localhost 0:0:0:0:0:0:0:1 - - [2017-05-04 17:01:50] "GET /index/post HTTP/1.1" 404 288 "-" "Mozilla/5.0 (Windows NT 10.0; WOW64) AppleWebKit/537.36 (KHTML, like Gecko) Chrome/58.0.3029.81 Safari/537.36" -
localhost 0:0:0:0:0:0:0:1 - - [2017-05-04 17:02:08] "GET /index/post HTTP/1.1" 404 288 "-" "Mozilla/5.0 (Windows NT 10.0; WOW64) AppleWebKit/537.36 (KHTML, like Gecko) Chrome/58.0.3029.81 Safari/537.36" -
localhost 0:0:0:0:0:0:0:1 - - [2017-05-04 17:02:15] "GET /smartX/index/post HTTP/1.1" 404 301 "-" "Mozilla/5.0 (Windows NT 10.0; WOW64) AppleWebKit/537.36 (KHTML, like Gecko) Chrome/58.0.3029.81 Safari/537.36" -
localhost 0:0:0:0:0:0:0:1 - - [2017-05-04 17:02:27] "GET /smartX/index HTTP/1.1" 404 296 "-" "Mozilla/5.0 (Windows NT 10.0; WOW64) AppleWebKit/537.36 (KHTML, like Gecko) Chrome/58.0.3029.81 Safari/537.36" -
localhost 0:0:0:0:0:0:0:1 - - [2017-05-04 17:02:34] "GET /smartX/index/ HTTP/1.1" 404 297 "-" "Mozilla/5.0 (Windows NT 10.0; WOW64) AppleWebKit/537.36 (KHTML, like Gecko) Chrome/58.0.3029.81 Safari/537.36" -
localhost 0:0:0:0:0:0:0:1 - - [2017-05-04 17:03:37] "GET /smartX/index/ HTTP/1.1" 404 297 "-" "Mozilla/5.0 (Windows NT 10.0; WOW64) AppleWebKit/537.36 (KHTML, like Gecko) Chrome/58.0.3029.81 Safari/537.36" -
localhost 0:0:0:0:0:0:0:1 - - [2017-05-04 17:03:56] "GET /smartX/index/?a=1 HTTP/1.1" 404 297 "-" "Mozilla/5.0 (Windows NT 10.0; WOW64) AppleWebKit/537.36 (KHTML, like Gecko) Chrome/58.0.3029.81 Safari/537.36" -
localhost 0:0:0:0:0:0:0:1 - - [2017-05-04 17:04:08] "GET /smartX/index?a=1 HTTP/1.1" 404 296 "-" "Mozilla/5.0 (Windows NT 10.0; WOW64) AppleWebKit/537.36 (KHTML, like Gecko) Chrome/58.0.3029.81 Safari/537.36" -
localhost 0:0:0:0:0:0:0:1 - - [2017-05-04 17:04:34] "GET /smartX/index?a=1 HTTP/1.1" 404 296 "-" "Mozilla/5.0 (Windows NT 10.0; WOW64) AppleWebKit/537.36 (KHTML, like Gecko) Chrome/58.0.3029.81 Safari/537.36" -
localhost 0:0:0:0:0:0:0:1 - - [2017-05-04 17:04:56] "GET /smartX/index//?a=1 HTTP/1.1" 404 298 "-" "Mozilla/5.0 (Windows NT 10.0; WOW64) AppleWebKit/537.36 (KHTML, like Gecko) Chrome/58.0.3029.81 Safari/537.36" -
localhost 0:0:0:0:0:0:0:1 - - [2017-05-04 17:05:12] "GET /smartX/index//?a=1 HTTP/1.1" 404 298 "-" "Mozilla/5.0 (Windows NT 10.0; WOW64) AppleWebKit/537.36 (KHTML, like Gecko) Chrome/58.0.3029.81 Safari/537.36" -
localhost 0:0:0:0:0:0:0:1 - - [2017-05-04 17:05:56] "GET /smartX/index//?a=1 HTTP/1.1" 404 298 "-" "Mozilla/5.0 (Windows NT 10.0; WOW64) AppleWebKit/537.36 (KHTML, like Gecko) Chrome/58.0.3029.81 Safari/537.36" -
localhost 0:0:0:0:0:0:0:1 - - [2017-05-04 17:06:02] "GET /smartX/index//?a=1 HTTP/1.1" 404 298 "-" "Mozilla/5.0 (Windows NT 10.0; WOW64) AppleWebKit/537.36 (KHTML, like Gecko) Chrome/58.0.3029.81 Safari/537.36" -
localhost 0:0:0:0:0:0:0:1 - - [2017-05-04 17:06:14] "GET /smartX/index//?a=1 HTTP/1.1" 404 298 "-" "Mozilla/5.0 (Windows NT 10.0; WOW64) AppleWebKit/537.36 (KHTML, like Gecko) Chrome/58.0.3029.81 Safari/537.36" -
localhost 0:0:0:0:0:0:0:1 - - [2017-05-04 17:06:48] "GET /smartX/index?a=1 HTTP/1.1" 404 296 "-" "Mozilla/5.0 (Windows NT 10.0; WOW64) AppleWebKit/537.36 (KHTML, like Gecko) Chrome/58.0.3029.81 Safari/537.36" -
localhost 0:0:0:0:0:0:0:1 - - [2017-05-04 17:06:58] "GET /smartX/index?a=1 HTTP/1.1" 404 296 "-" "Mozilla/5.0 (Windows NT 10.0; WOW64) AppleWebKit/537.36 (KHTML, like Gecko) Chrome/58.0.3029.81 Safari/537.36" -
localhost 0:0:0:0:0:0:0:1 - - [2017-05-04 17:07:27] "GET /smartX/index?a=1 HTTP/1.1" 404 296 "-" "Mozilla/5.0 (Windows NT 10.0; WOW64) AppleWebKit/537.36 (KHTML, like Gecko) Chrome/58.0.3029.81 Safari/537.36" -
localhost 0:0:0:0:0:0:0:1 - - [2017-05-04 17:07:46] "GET /smartX/index/?a=1 HTTP/1.1" 404 297 "-" "Mozilla/5.0 (Windows NT 10.0; WOW64) AppleWebKit/537.36 (KHTML, like Gecko) Chrome/58.0.3029.81 Safari/537.36" -
localhost 0:0:0:0:0:0:0:1 - - [2017-05-04 18:14:18] "GET / HTTP/1.1" 404 562 "-" "Mozilla/5.0 (Windows NT 10.0; WOW64) AppleWebKit/537.36 (KHTML, like Gecko) Chrome/58.0.3029.81 Safari/537.36" -
localhost 0:0:0:0:0:0:0:1 - - [2017-05-04 18:15:17] "GET / HTTP/1.1" 404 284 "-" "Mozilla/5.0 (Windows NT 10.0; WOW64) AppleWebKit/537.36 (KHTML, like Gecko) Chrome/58.0.3029.81 Safari/537.36" -
localhost 0:0:0:0:0:0:0:1 - - [2017-05-04 18:15:17] "GET /favicon.ico HTTP/1.1" 404 295 "http://localhost:8081/" "Mozilla/5.0 (Windows NT 10.0; WOW64) AppleWebKit/537.36 (KHTML, like Gecko) Chrome/58.0.3029.81 Safari/537.36" -
localhost 0:0:0:0:0:0:0:1 - - [2017-05-04 18:15:21] "GET /index HTTP/1.1" 404 289 "-" "Mozilla/5.0 (Windows NT 10.0; WOW64) AppleWebKit/537.36 (KHTML, like Gecko) Chrome/58.0.3029.81 Safari/537.36" -
localhost 0:0:0:0:0:0:0:1 - - [2017-05-04 18:15:33] "GET /index HTTP/1.1" 404 289 "-" "Mozilla/5.0 (Windows NT 10.0; WOW64) AppleWebKit/537.36 (KHTML, like Gecko) Chrome/58.0.3029.81 Safari/537.36" -
localhost 0:0:0:0:0:0:0:1 - - [2017-05-04 18:17:29] "GET /index HTTP/1.1" 404 289 "-" "Mozilla/5.0 (Windows NT 10.0; WOW64) AppleWebKit/537.36 (KHTML, like Gecko) Chrome/58.0.3029.81 Safari/537.36" -
localhost 0:0:0:0:0:0:0:1 - - [2017-05-04 18:17:46] "GET /index HTTP/1.1" 404 289 "-" "Mozilla/5.0 (Windows NT 10.0; WOW64) AppleWebKit/537.36 (KHTML, like Gecko) Chrome/58.0.3029.81 Safari/537.36" -
localhost 0:0:0:0:0:0:0:1 - - [2017-05-04 18:17:58] "GET /index HTTP/1.1" 404 289 "-" "Mozilla/5.0 (Windows NT 10.0; WOW64) AppleWebKit/537.36 (KHTML, like Gecko) Chrome/58.0.3029.81 Safari/537.36" -
localhost 0:0:0:0:0:0:0:1 - - [2017-05-04 18:19:49] "GET /index HTTP/1.1" 404 289 "-" "Mozilla/5.0 (Windows NT 10.0; WOW64) AppleWebKit/537.36 (KHTML, like Gecko) Chrome/58.0.3029.81 Safari/537.36" -
localhost 0:0:0:0:0:0:0:1 - - [2017-05-04 18:22:08] "GET /index HTTP/1.1" 200 - "-" "Mozilla/5.0 (Windows NT 10.0; WOW64) AppleWebKit/537.36 (KHTML, like Gecko) Chrome/58.0.3029.81 Safari/537.36" -
localhost 0:0:0:0:0:0:0:1 - - [2017-05-04 18:23:23] "GET /index HTTP/1.1" 200 - "-" "Mozilla/5.0 (Windows NT 10.0; WOW64) AppleWebKit/537.36 (KHTML, like Gecko) Chrome/58.0.3029.81 Safari/537.36" -
localhost 0:0:0:0:0:0:0:1 - - [2017-05-04 18:23:34] "GET /index HTTP/1.1" 200 - "-" "Mozilla/5.0 (Windows NT 10.0; WOW64) AppleWebKit/537.36 (KHTML, like Gecko) Chrome/58.0.3029.81 Safari/537.36" -
localhost 0:0:0:0:0:0:0:1 - - [2017-05-04 18:24:07] "GET /index HTTP/1.1" 200 - "-" "Mozilla/5.0 (Windows NT 10.0; WOW64) AppleWebKit/537.36 (KHTML, like Gecko) Chrome/58.0.3029.81 Safari/537.36" -
localhost 0:0:0:0:0:0:0:1 - - [2017-05-04 18:25:15] "GET /index HTTP/1.1" 200 - "-" "Mozilla/5.0 (Windows NT 10.0; WOW64) AppleWebKit/537.36 (KHTML, like Gecko) Chrome/58.0.3029.81 Safari/537.36" -
localhost 0:0:0:0:0:0:0:1 - - [2017-05-04 18:40:36] "GET /index?name=oking&age=19 HTTP/1.1" 500 2585 "-" "Mozilla/5.0 (Windows NT 10.0; WOW64) AppleWebKit/537.36 (KHTML, like Gecko) Chrome/58.0.3029.81 Safari/537.36" -
localhost 0:0:0:0:0:0:0:1 - - [2017-05-04 18:40:45] "GET /index?name=oking&age=19 HTTP/1.1" 500 2585 "-" "Mozilla/5.0 (Windows NT 10.0; WOW64) AppleWebKit/537.36 (KHTML, like Gecko) Chrome/58.0.3029.81 Safari/537.36" -
localhost 0:0:0:0:0:0:0:1 - - [2017-05-04 18:42:30] "GET /index?name=oking&age=19 HTTP/1.1" 500 2588 "-" "Mozilla/5.0 (Windows NT 10.0; WOW64) AppleWebKit/537.36 (KHTML, like Gecko) Chrome/58.0.3029.81 Safari/537.36" -
localhost 0:0:0:0:0:0:0:1 - - [2017-05-04 18:43:43] "GET /index?name=oking&age=19 HTTP/1.1" 500 2585 "-" "Mozilla/5.0 (Windows NT 10.0; WOW64) AppleWebKit/537.36 (KHTML, like Gecko) Chrome/58.0.3029.81 Safari/537.36" -
localhost 0:0:0:0:0:0:0:1 - - [2017-05-04 18:44:04] "GET /index?name=oking&age=19 HTTP/1.1" 500 2585 "-" "Mozilla/5.0 (Windows NT 10.0; WOW64) AppleWebKit/537.36 (KHTML, like Gecko) Chrome/58.0.3029.81 Safari/537.36" -
localhost 0:0:0:0:0:0:0:1 - - [2017-05-04 18:44:43] "GET /index?name=oking&age=19 HTTP/1.1" 500 2585 "-" "Mozilla/5.0 (Windows NT 10.0; WOW64) AppleWebKit/537.36 (KHTML, like Gecko) Chrome/58.0.3029.81 Safari/537.36" -
localhost 0:0:0:0:0:0:0:1 - - [2017-05-04 18:59:23] "GET /index?name=oking&age=19 HTTP/1.1" 200 - "-" "Mozilla/5.0 (Windows NT 10.0; WOW64) AppleWebKit/537.36 (KHTML, like Gecko) Chrome/58.0.3029.81 Safari/537.36" -
localhost 0:0:0:0:0:0:0:1 - - [2017-05-04 19:40:14] "GET /index?age=19&name=oking HTTP/1.1" 200 - "-" "Mozilla/5.0 (Windows NT 10.0; WOW64) AppleWebKit/537.36 (KHTML, like Gecko) Chrome/58.0.3029.81 Safari/537.36" -
localhost 0:0:0:0:0:0:0:1 - - [2017-05-04 19:40:36] "GET /index?age=19&name=oking&b=111 HTTP/1.1" 200 - "-" "Mozilla/5.0 (Windows NT 10.0; WOW64) AppleWebKit/537.36 (KHTML, like Gecko) Chrome/58.0.3029.81 Safari/537.36" -
